  [1m[35m (0.4ms)[0m  [1m[35mDROP DATABASE IF EXISTS "ninety_nine_cats_development"[0m
  ↳ bin/rails:4
  [1m[35m (0.1ms)[0m  [1m[35mDROP DATABASE IF EXISTS "ninety_nine_cats_test"[0m
  ↳ bin/rails:4
  [1m[35m (99.4ms)[0m  [1m[35mCREATE DATABASE "ninety_nine_cats_development" ENCODING = 'unicode'[0m
  ↳ bin/rails:4
  [1m[35m (27.2ms)[0m  [1m[35mCREATE DATABASE "ninety_nine_cats_test" ENCODING = 'unicode'[0m
  ↳ bin/rails:4
  [1m[35mSQL (1.0ms)[0m  [1m[35mCREATE EXTENSION IF NOT EXISTS "plpgsql"[0m
  ↳ db/schema.rb:16
  [1m[35m (0.9ms)[0m  [1m[35mDROP TABLE IF EXISTS "cat_rental_requests" CASCADE[0m
  ↳ db/schema.rb:18
  [1m[35m (12.2ms)[0m  [1m[35mCREATE TABLE "cat_rental_requests" ("id" bigserial primary key, "cat_id" integer NOT NULL, "end_date" date NOT NULL, "start_date" date NOT NULL, "status" character varying NOT NULL, "created_at" timestamp NOT NULL, "updated_at" timestamp NOT NULL)[0m
  ↳ db/schema.rb:18
  [1m[35m (1.0ms)[0m  [1m[35mCREATE  INDEX  "index_cat_rental_requests_on_cat_id" ON "cat_rental_requests"  ("cat_id")[0m
  ↳ db/schema.rb:18
  [1m[35m (0.1ms)[0m  [1m[35mDROP TABLE IF EXISTS "cats" CASCADE[0m
  ↳ db/schema.rb:28
  [1m[35m (2.7ms)[0m  [1m[35mCREATE TABLE "cats" ("id" bigserial primary key, "birth_date" date NOT NULL, "color" character varying NOT NULL, "name" character varying NOT NULL, "sex" character varying NOT NULL, "description" text, "created_at" timestamp NOT NULL, "updated_at" timestamp NOT NULL)[0m
  ↳ db/schema.rb:28
  [1m[35m (2.4ms)[0m  [1m[35mCREATE TABLE "schema_migrations" ("version" character varying NOT NULL PRIMARY KEY)[0m
  ↳ db/schema.rb:13
  [1m[35m (0.3ms)[0m  [1m[34mSELECT "schema_migrations"."version" FROM "schema_migrations" ORDER BY "schema_migrations"."version" ASC[0m
  ↳ db/schema.rb:13
  [1m[35m (1.0ms)[0m  [1m[32mINSERT INTO "schema_migrations" (version) VALUES (20170714042724)[0m
  ↳ db/schema.rb:13
  [1m[35m (0.3ms)[0m  [1m[32mINSERT INTO "schema_migrations" (version) VALUES
(20170713053554),
(20170713053709);

[0m
  ↳ db/schema.rb:13
  [1m[35m (1.7ms)[0m  [1m[35mCREATE TABLE "ar_internal_metadata" ("key" character varying NOT NULL PRIMARY KEY, "value" character varying, "created_at" timestamp NOT NULL, "updated_at" timestamp NOT NULL)[0m
  ↳ db/schema.rb:13
  [1m[36mActiveRecord::InternalMetadata Load (0.2ms)[0m  [1m[34mSELECT  "ar_internal_metadata".* FROM "ar_internal_metadata" WHERE "ar_internal_metadata"."key" = $1 LIMIT $2[0m  [["key", "environment"], ["LIMIT", 1]]
  ↳ db/schema.rb:13
  [1m[35m (0.2ms)[0m  [1m[35mBEGIN[0m
  ↳ db/schema.rb:13
  [1m[36mActiveRecord::InternalMetadata Create (1.2ms)[0m  [1m[32mINSERT INTO "ar_internal_metadata" ("key", "value", "created_at", "updated_at") VALUES ($1, $2, $3, $4) RETURNING "key"[0m  [["key", "environment"], ["value", "development"], ["created_at", "2021-05-29 01:44:41.193133"], ["updated_at", "2021-05-29 01:44:41.193133"]]
  ↳ db/schema.rb:13
  [1m[35m (0.1ms)[0m  [1m[35mCOMMIT[0m
  ↳ db/schema.rb:13
  [1m[36mActiveRecord::InternalMetadata Load (0.4ms)[0m  [1m[34mSELECT  "ar_internal_metadata".* FROM "ar_internal_metadata" WHERE "ar_internal_metadata"."key" = $1 LIMIT $2[0m  [["key", "environment"], ["LIMIT", 1]]
  ↳ bin/rails:4
  [1m[35m (0.0ms)[0m  [1m[35mBEGIN[0m
  ↳ bin/rails:4
  [1m[35m (0.0ms)[0m  [1m[35mCOMMIT[0m
  ↳ bin/rails:4
  [1m[35mSQL (0.3ms)[0m  [1m[35mCREATE EXTENSION IF NOT EXISTS "plpgsql"[0m
  ↳ db/schema.rb:16
  [1m[35m (0.1ms)[0m  [1m[35mDROP TABLE IF EXISTS "cat_rental_requests" CASCADE[0m
  ↳ db/schema.rb:18
  [1m[35m (5.0ms)[0m  [1m[35mCREATE TABLE "cat_rental_requests" ("id" bigserial primary key, "cat_id" integer NOT NULL, "end_date" date NOT NULL, "start_date" date NOT NULL, "status" character varying NOT NULL, "created_at" timestamp NOT NULL, "updated_at" timestamp NOT NULL)[0m
  ↳ db/schema.rb:18
  [1m[35m (1.4ms)[0m  [1m[35mCREATE  INDEX  "index_cat_rental_requests_on_cat_id" ON "cat_rental_requests"  ("cat_id")[0m
  ↳ db/schema.rb:18
  [1m[35m (0.1ms)[0m  [1m[35mDROP TABLE IF EXISTS "cats" CASCADE[0m
  ↳ db/schema.rb:28
  [1m[35m (2.6ms)[0m  [1m[35mCREATE TABLE "cats" ("id" bigserial primary key, "birth_date" date NOT NULL, "color" character varying NOT NULL, "name" character varying NOT NULL, "sex" character varying NOT NULL, "description" text, "created_at" timestamp NOT NULL, "updated_at" timestamp NOT NULL)[0m
  ↳ db/schema.rb:28
  [1m[35m (1.8ms)[0m  [1m[35mCREATE TABLE "schema_migrations" ("version" character varying NOT NULL PRIMARY KEY)[0m
  ↳ db/schema.rb:13
  [1m[35m (0.4ms)[0m  [1m[34mSELECT "schema_migrations"."version" FROM "schema_migrations" ORDER BY "schema_migrations"."version" ASC[0m
  ↳ db/schema.rb:13
  [1m[35m (0.2ms)[0m  [1m[32mINSERT INTO "schema_migrations" (version) VALUES (20170714042724)[0m
  ↳ db/schema.rb:13
  [1m[35m (0.2ms)[0m  [1m[32mINSERT INTO "schema_migrations" (version) VALUES
(20170713053554),
(20170713053709);

[0m
  ↳ db/schema.rb:13
  [1m[35m (1.8ms)[0m  [1m[35mCREATE TABLE "ar_internal_metadata" ("key" character varying NOT NULL PRIMARY KEY, "value" character varying, "created_at" timestamp NOT NULL, "updated_at" timestamp NOT NULL)[0m
  ↳ db/schema.rb:13
  [1m[36mActiveRecord::InternalMetadata Load (0.3ms)[0m  [1m[34mSELECT  "ar_internal_metadata".* FROM "ar_internal_metadata" WHERE "ar_internal_metadata"."key" = $1 LIMIT $2[0m  [["key", "environment"], ["LIMIT", 1]]
  ↳ db/schema.rb:13
  [1m[35m (0.1ms)[0m  [1m[35mBEGIN[0m
  ↳ db/schema.rb:13
  [1m[36mActiveRecord::InternalMetadata Create (0.3ms)[0m  [1m[32mINSERT INTO "ar_internal_metadata" ("key", "value", "created_at", "updated_at") VALUES ($1, $2, $3, $4) RETURNING "key"[0m  [["key", "environment"], ["value", "development"], ["created_at", "2021-05-29 01:44:41.231290"], ["updated_at", "2021-05-29 01:44:41.231290"]]
  ↳ db/schema.rb:13
  [1m[35m (0.1ms)[0m  [1m[35mCOMMIT[0m
  ↳ db/schema.rb:13
  [1m[36mActiveRecord::InternalMetadata Load (0.1ms)[0m  [1m[34mSELECT  "ar_internal_metadata".* FROM "ar_internal_metadata" WHERE "ar_internal_metadata"."key" = $1 LIMIT $2[0m  [["key", "environment"], ["LIMIT", 1]]
  ↳ bin/rails:4
  [1m[35m (0.0ms)[0m  [1m[35mBEGIN[0m
  ↳ bin/rails:4
  [1m[36mActiveRecord::InternalMetadata Update (0.2ms)[0m  [1m[33mUPDATE "ar_internal_metadata" SET "value" = $1, "updated_at" = $2 WHERE "ar_internal_metadata"."key" = $3[0m  [["value", "test"], ["updated_at", "2021-05-29 01:44:41.233034"], ["key", "environment"]]
  ↳ bin/rails:4
  [1m[35m (0.1ms)[0m  [1m[35mCOMMIT[0m
  ↳ bin/rails:4
  [1m[35m (0.5ms)[0m  [1m[34mSELECT "schema_migrations"."version" FROM "schema_migrations" ORDER BY "schema_migrations"."version" ASC[0m
  ↳ bin/rails:4
Started GET "/cats" for ::1 at 2021-05-28 18:47:22 -0700
  [1m[35m (1.4ms)[0m  [1m[34mSELECT "schema_migrations"."version" FROM "schema_migrations" ORDER BY "schema_migrations"."version" ASC[0m
  ↳ /Users/leocao/gems/gems/activerecord-5.2.6/lib/active_record/log_subscriber.rb:98
Processing by CatsController#index as HTML
  Rendering cats/index.html.erb within layouts/application
  [1m[36mCat Load (2.0ms)[0m  [1m[34mSELECT "cats".* FROM "cats"[0m
  ↳ app/views/cats/index.html.erb:4
  Rendered cats/index.html.erb within layouts/application (9.1ms)
Completed 200 OK in 790ms (Views: 777.8ms | ActiveRecord: 7.3ms)


Started GET "/cats/new" for ::1 at 2021-05-28 18:47:25 -0700
Processing by CatsController#new as HTML
  Rendering cats/new.html.erb within layouts/application
  Rendered shared/_errors.html.erb (0.7ms)
  Rendered cats/_form.html.erb (0.9ms)
  Rendered cats/new.html.erb within layouts/application (4.1ms)
Completed 200 OK in 52ms (Views: 28.2ms | ActiveRecord: 16.3ms)


Started GET "/cats/new" for ::1 at 2021-05-28 18:47:39 -0700
Processing by CatsController#new as HTML
  Rendering cats/new.html.erb within layouts/application
  Rendered shared/_errors.html.erb (0.5ms)
  Rendered cats/_form.html.erb (0.8ms)
  Rendered cats/new.html.erb within layouts/application (3.0ms)
Completed 200 OK in 15ms (Views: 14.8ms | ActiveRecord: 0.0ms)


Started POST "/cats" for ::1 at 2021-05-28 18:47:54 -0700
Processing by CatsController#create as HTML
  Parameters: {"cat"=>{"name"=>"Cindy", "birth_date"=>"2021-05-04", "color"=>"black", "sex"=>"M", "description"=>"a nice cat"}}
  [1m[35m (0.3ms)[0m  [1m[35mBEGIN[0m
  ↳ app/controllers/cats_controller.rb:19
  [1m[36mCat Create (4.4ms)[0m  [1m[32mINSERT INTO "cats" ("birth_date", "color", "name", "sex", "description", "created_at", "updated_at") VALUES ($1, $2, $3, $4, $5, $6, $7) RETURNING "id"[0m  [["birth_date", "2021-05-04"], ["color", "black"], ["name", "Cindy"], ["sex", "M"], ["description", "a nice cat"], ["created_at", "2021-05-29 01:47:54.973236"], ["updated_at", "2021-05-29 01:47:54.973236"]]
  ↳ app/controllers/cats_controller.rb:19
  [1m[35m (0.8ms)[0m  [1m[35mCOMMIT[0m
  ↳ app/controllers/cats_controller.rb:19
Redirected to http://localhost:3000/cats/1
Completed 302 Found in 11ms (ActiveRecord: 5.4ms)


Started GET "/cats/1" for ::1 at 2021-05-28 18:47:54 -0700
Processing by CatsController#show as HTML
  Parameters: {"id"=>"1"}
  [1m[36mCat Load (2.9ms)[0m  [1m[34mSELECT  "cats".* FROM "cats" WHERE "cats"."id" = $1 LIMIT $2[0m  [["id", 1], ["LIMIT", 1]]
  ↳ app/controllers/cats_controller.rb:8
  Rendering cats/show.html.erb within layouts/application
  [1m[36mCatRentalRequest Load (8.1ms)[0m  [1m[34mSELECT "cat_rental_requests".* FROM "cat_rental_requests" WHERE "cat_rental_requests"."cat_id" = $1 ORDER BY start_date[0m  [["cat_id", 1]]
  ↳ app/views/cats/show.html.erb:25
  Rendered cats/show.html.erb within layouts/application (46.1ms)
Completed 200 OK in 63ms (Views: 38.7ms | ActiveRecord: 20.3ms)


Started GET "/cats" for ::1 at 2021-05-28 18:48:05 -0700
Processing by CatsController#index as HTML
  Rendering cats/index.html.erb within layouts/application
  [1m[36mCat Load (0.6ms)[0m  [1m[34mSELECT "cats".* FROM "cats"[0m
  ↳ app/views/cats/index.html.erb:4
  Rendered cats/index.html.erb within layouts/application (2.5ms)
Completed 200 OK in 32ms (Views: 31.1ms | ActiveRecord: 0.6ms)


Started GET "/cats/new" for ::1 at 2021-05-28 18:48:07 -0700
Processing by CatsController#new as HTML
  Rendering cats/new.html.erb within layouts/application
  Rendered shared/_errors.html.erb (0.6ms)
  Rendered cats/_form.html.erb (1.1ms)
  Rendered cats/new.html.erb within layouts/application (4.1ms)
Completed 200 OK in 24ms (Views: 23.8ms | ActiveRecord: 0.0ms)


Started POST "/cats" for ::1 at 2021-05-28 18:48:23 -0700
Processing by CatsController#create as HTML
  Parameters: {"cat"=>{"name"=>"Linda", "birth_date"=>"2021-05-08", "color"=>"white", "sex"=>"F", "description"=>"a cool cat"}}
  [1m[35m (0.1ms)[0m  [1m[35mBEGIN[0m
  ↳ app/controllers/cats_controller.rb:19
  [1m[36mCat Create (0.7ms)[0m  [1m[32mINSERT INTO "cats" ("birth_date", "color", "name", "sex", "description", "created_at", "updated_at") VALUES ($1, $2, $3, $4, $5, $6, $7) RETURNING "id"[0m  [["birth_date", "2021-05-08"], ["color", "white"], ["name", "Linda"], ["sex", "F"], ["description", "a cool cat"], ["created_at", "2021-05-29 01:48:23.422030"], ["updated_at", "2021-05-29 01:48:23.422030"]]
  ↳ app/controllers/cats_controller.rb:19
  [1m[35m (0.4ms)[0m  [1m[35mCOMMIT[0m
  ↳ app/controllers/cats_controller.rb:19
Redirected to http://localhost:3000/cats/2
Completed 302 Found in 5ms (ActiveRecord: 1.3ms)


Started GET "/cats/2" for ::1 at 2021-05-28 18:48:23 -0700
Processing by CatsController#show as HTML
  Parameters: {"id"=>"2"}
  [1m[36mCat Load (1.2ms)[0m  [1m[34mSELECT  "cats".* FROM "cats" WHERE "cats"."id" = $1 LIMIT $2[0m  [["id", 2], ["LIMIT", 1]]
  ↳ app/controllers/cats_controller.rb:8
  Rendering cats/show.html.erb within layouts/application
  [1m[36mCatRentalRequest Load (1.1ms)[0m  [1m[34mSELECT "cat_rental_requests".* FROM "cat_rental_requests" WHERE "cat_rental_requests"."cat_id" = $1 ORDER BY start_date[0m  [["cat_id", 2]]
  ↳ app/views/cats/show.html.erb:25
  Rendered cats/show.html.erb within layouts/application (4.3ms)
Completed 200 OK in 24ms (Views: 20.5ms | ActiveRecord: 2.3ms)


Started GET "/cats" for ::1 at 2021-05-28 18:48:27 -0700
Processing by CatsController#index as HTML
  Rendering cats/index.html.erb within layouts/application
  [1m[36mCat Load (0.7ms)[0m  [1m[34mSELECT "cats".* FROM "cats"[0m
  ↳ app/views/cats/index.html.erb:4
  Rendered cats/index.html.erb within layouts/application (2.3ms)
Completed 200 OK in 19ms (Views: 18.3ms | ActiveRecord: 0.7ms)


Started GET "/cats/new" for ::1 at 2021-05-28 18:48:29 -0700
Processing by CatsController#new as HTML
  Rendering cats/new.html.erb within layouts/application
  Rendered shared/_errors.html.erb (0.7ms)
  Rendered cats/_form.html.erb (1.0ms)
  Rendered cats/new.html.erb within layouts/application (4.4ms)
Completed 200 OK in 22ms (Views: 21.7ms | ActiveRecord: 0.0ms)


Started POST "/cats" for ::1 at 2021-05-28 18:48:49 -0700
Processing by CatsController#create as HTML
  Parameters: {"cat"=>{"name"=>"Mary", "birth_date"=>"2021-05-05", "color"=>"orange", "sex"=>"F", "description"=>"a big cat!"}}
  [1m[35m (0.5ms)[0m  [1m[35mBEGIN[0m
  ↳ app/controllers/cats_controller.rb:19
  [1m[36mCat Create (1.0ms)[0m  [1m[32mINSERT INTO "cats" ("birth_date", "color", "name", "sex", "description", "created_at", "updated_at") VALUES ($1, $2, $3, $4, $5, $6, $7) RETURNING "id"[0m  [["birth_date", "2021-05-05"], ["color", "orange"], ["name", "Mary"], ["sex", "F"], ["description", "a big cat!"], ["created_at", "2021-05-29 01:48:49.764974"], ["updated_at", "2021-05-29 01:48:49.764974"]]
  ↳ app/controllers/cats_controller.rb:19
  [1m[35m (0.9ms)[0m  [1m[35mCOMMIT[0m
  ↳ app/controllers/cats_controller.rb:19
Redirected to http://localhost:3000/cats/3
Completed 302 Found in 7ms (ActiveRecord: 2.4ms)


Started GET "/cats/3" for ::1 at 2021-05-28 18:48:49 -0700
Processing by CatsController#show as HTML
  Parameters: {"id"=>"3"}
  [1m[36mCat Load (0.4ms)[0m  [1m[34mSELECT  "cats".* FROM "cats" WHERE "cats"."id" = $1 LIMIT $2[0m  [["id", 3], ["LIMIT", 1]]
  ↳ app/controllers/cats_controller.rb:8
  Rendering cats/show.html.erb within layouts/application
  [1m[36mCatRentalRequest Load (1.1ms)[0m  [1m[34mSELECT "cat_rental_requests".* FROM "cat_rental_requests" WHERE "cat_rental_requests"."cat_id" = $1 ORDER BY start_date[0m  [["cat_id", 3]]
  ↳ app/views/cats/show.html.erb:25
  Rendered cats/show.html.erb within layouts/application (3.1ms)
Completed 200 OK in 14ms (Views: 11.8ms | ActiveRecord: 1.6ms)


Started GET "/cats" for ::1 at 2021-05-28 18:48:54 -0700
Processing by CatsController#index as HTML
  Rendering cats/index.html.erb within layouts/application
  [1m[36mCat Load (0.7ms)[0m  [1m[34mSELECT "cats".* FROM "cats"[0m
  ↳ app/views/cats/index.html.erb:4
  Rendered cats/index.html.erb within layouts/application (2.4ms)
Completed 200 OK in 19ms (Views: 18.6ms | ActiveRecord: 0.7ms)


  [1m[35m (0.5ms)[0m  [1m[34mSELECT pg_try_advisory_lock(723150122408807205)[0m
  ↳ bin/rails:4
  [1m[35m (1.8ms)[0m  [1m[34mSELECT "schema_migrations"."version" FROM "schema_migrations" ORDER BY "schema_migrations"."version" ASC[0m
  ↳ bin/rails:4
Migrating to CreateUsers (20210529015000)
  [1m[35m (0.1ms)[0m  [1m[35mBEGIN[0m
  ↳ bin/rails:4
  [1m[35m (11.2ms)[0m  [1m[35mCREATE TABLE "users" ("id" bigserial primary key, "user_name" character varying NOT NULL, "password_digest" character varying NOT NULL, "session_token" character varying)[0m
  ↳ db/migrate/20210529015000_create_users.rb:3
  [1m[35m (0.6ms)[0m  [1m[35mCREATE UNIQUE INDEX  "index_users_on_user_name" ON "users"  ("user_name")[0m
  ↳ db/migrate/20210529015000_create_users.rb:8
  [1m[35m (0.5ms)[0m  [1m[35mCREATE UNIQUE INDEX  "index_users_on_session_token" ON "users"  ("session_token")[0m
  ↳ db/migrate/20210529015000_create_users.rb:9
  [1m[36mActiveRecord::SchemaMigration Create (0.3ms)[0m  [1m[32mINSERT INTO "schema_migrations" ("version") VALUES ($1) RETURNING "version"[0m  [["version", "20210529015000"]]
  ↳ bin/rails:4
  [1m[35m (0.5ms)[0m  [1m[35mCOMMIT[0m
  ↳ bin/rails:4
  [1m[36mActiveRecord::InternalMetadata Load (0.3ms)[0m  [1m[34mSELECT  "ar_internal_metadata".* FROM "ar_internal_metadata" WHERE "ar_internal_metadata"."key" = $1 LIMIT $2[0m  [["key", "environment"], ["LIMIT", 1]]
  ↳ bin/rails:4
  [1m[35m (0.2ms)[0m  [1m[35mBEGIN[0m
  ↳ bin/rails:4
  [1m[35m (0.1ms)[0m  [1m[35mCOMMIT[0m
  ↳ bin/rails:4
  [1m[35m (0.2ms)[0m  [1m[34mSELECT pg_advisory_unlock(723150122408807205)[0m
  ↳ bin/rails:4
  [1m[35m (0.3ms)[0m  [1m[34mSELECT "schema_migrations"."version" FROM "schema_migrations" ORDER BY "schema_migrations"."version" ASC[0m
  ↳ bin/rails:4
Started GET "/cats" for ::1 at 2021-05-28 19:44:50 -0700
  [1m[35m (1.7ms)[0m  [1m[34mSELECT "schema_migrations"."version" FROM "schema_migrations" ORDER BY "schema_migrations"."version" ASC[0m
  ↳ /Users/leocao/gems/gems/activerecord-5.2.6/lib/active_record/log_subscriber.rb:98
Processing by CatsController#index as HTML
  Rendering cats/index.html.erb within layouts/application
  [1m[36mCat Load (2.3ms)[0m  [1m[34mSELECT "cats".* FROM "cats"[0m
  ↳ app/views/cats/index.html.erb:4
  Rendered cats/index.html.erb within layouts/application (22.2ms)
Completed 500 Internal Server Error in 186ms (ActiveRecord: 16.2ms)



NameError - undefined local variable or method `new_user_url' for #<#<Class:0x000000013a5eaf70>:0x000000013a630bd8>
Did you mean?  new_uer_url:
  app/views/layouts/application.html.erb:17:in `_app_views_layouts_application_html_erb___2755675768705614291_2637307720'
  app/controllers/cats_controller.rb:4:in `index'

Started POST "/__better_errors/9a5a5fae892813d6/variables" for ::1 at 2021-05-28 19:44:50 -0700
Started GET "/cats" for ::1 at 2021-05-28 19:46:26 -0700
  [1m[35m (1.6ms)[0m  [1m[34mSELECT "schema_migrations"."version" FROM "schema_migrations" ORDER BY "schema_migrations"."version" ASC[0m
  ↳ /Users/leocao/gems/gems/activerecord-5.2.6/lib/active_record/log_subscriber.rb:98
Processing by CatsController#index as HTML
  Rendering cats/index.html.erb within layouts/application
  [1m[36mCat Load (1.3ms)[0m  [1m[34mSELECT "cats".* FROM "cats"[0m
  ↳ app/views/cats/index.html.erb:4
  Rendered cats/index.html.erb within layouts/application (23.5ms)
Completed 200 OK in 102ms (Views: 85.6ms | ActiveRecord: 14.5ms)


Started GET "/users/new" for ::1 at 2021-05-28 19:46:30 -0700
Processing by UsersController#new as HTML
Completed 500 Internal Server Error in 28ms (ActiveRecord: 4.3ms)



NameError - undefined local variable or method `session_token' for #<Class:0x000000011309c040>:
  app/models/user.rb:2:in `<class:User>'
  app/models/user.rb:1:in `<main>'
  app/controllers/users_controller.rb:16:in `new'

Started POST "/__better_errors/16eecc00fbf54786/variables" for ::1 at 2021-05-28 19:46:30 -0700
Started GET "/users/new" for ::1 at 2021-05-28 19:47:00 -0700
Processing by UsersController#new as HTML
  Rendering users/new.html.erb within layouts/application
  Rendered shared/_errors.html.erb (0.3ms)
  Rendered users/new.html.erb within layouts/application (8.3ms)
Completed 500 Internal Server Error in 28ms (ActiveRecord: 12.4ms)



NoMethodError - undefined method `username' for #<User:0x0000000113af6900>
Did you mean?  user_name
               user_name?
               user_name=:
  app/views/users/new.html.erb:17:in `_app_views_users_new_html_erb___2594787661510315070_2312890260'
  app/controllers/users_controller.rb:17:in `new'

Started POST "/__better_errors/c25395b8d8fe6e96/variables" for ::1 at 2021-05-28 19:47:00 -0700
Started GET "/users/new" for ::1 at 2021-05-28 19:47:47 -0700
Processing by UsersController#new as HTML
  Rendering users/new.html.erb within layouts/application
  Rendered shared/_errors.html.erb (0.3ms)
  Rendered users/new.html.erb within layouts/application (2.0ms)
Completed 200 OK in 16ms (Views: 15.4ms | ActiveRecord: 0.0ms)


Started POST "/users" for ::1 at 2021-05-28 19:48:04 -0700
Processing by UsersController#create as HTML
  Parameters: {"authenticity_token"=>"2Z3othjIa1NwNRI4HPU9CfTHDXKjGtZkSW4XeVmnH6JKkK1xQHVYgX8mHuXS1yg7M6XIRZB/6AnXMBplTQ2Uyw==", "user"=>{"username"=>"leocho1989", "password"=>"[FILTERED]"}}
Unpermitted parameter: :username
Completed 500 Internal Server Error in 5ms (ActiveRecord: 0.0ms)



NameError - uninitialized constant User::BCrypt:
  app/models/user.rb:19:in `password='
  app/controllers/users_controller.rb:5:in `create'

Started POST "/__better_errors/847f0f7cdefaac0c/variables" for ::1 at 2021-05-28 19:48:04 -0700
Started POST "/users" for ::1 at 2021-05-28 19:51:05 -0700
Processing by UsersController#create as HTML
  Parameters: {"authenticity_token"=>"2Z3othjIa1NwNRI4HPU9CfTHDXKjGtZkSW4XeVmnH6JKkK1xQHVYgX8mHuXS1yg7M6XIRZB/6AnXMBplTQ2Uyw==", "user"=>{"username"=>"leocho1989", "password"=>"[FILTERED]"}}
Unpermitted parameter: :username
Completed 500 Internal Server Error in 22ms (ActiveRecord: 15.3ms)



NameError - uninitialized constant User::BCrypt:
  app/models/user.rb:20:in `password='
  app/controllers/users_controller.rb:5:in `create'

Started POST "/__better_errors/69687100dc548c4d/variables" for ::1 at 2021-05-28 19:51:05 -0700
Started POST "/users" for ::1 at 2021-05-28 19:51:11 -0700
Processing by UsersController#create as HTML
  Parameters: {"authenticity_token"=>"2Z3othjIa1NwNRI4HPU9CfTHDXKjGtZkSW4XeVmnH6JKkK1xQHVYgX8mHuXS1yg7M6XIRZB/6AnXMBplTQ2Uyw==", "user"=>{"username"=>"leocho1989", "password"=>"[FILTERED]"}}
Unpermitted parameter: :username
Completed 500 Internal Server Error in 3ms (ActiveRecord: 0.0ms)



NameError - uninitialized constant User::BCrypt:
  app/models/user.rb:20:in `password='
  app/controllers/users_controller.rb:5:in `create'

Started POST "/__better_errors/62a9043d007d616b/variables" for ::1 at 2021-05-28 19:51:11 -0700
